0:100  0:100  MemLog inited, TSC freq: 2712411540
0:100  0:000  CPU was calibrated with RTC
0:100  0:000  
0:100  0:000  Now is 12.12.2018,  21:37:55 (GMT)
0:100  0:000  Starting Clover revision: 4701.RM-4963.24249(ca6cca7c.a0344119e7)  on American Megatrends EFI
0:100  0:000  Build with: [Args: -mc --no-usb -D NO_GRUB_DRIVERS_EMBEDDED -t XCODE8 | -D DISABLE_USB_SUPPORT -D NO_GRUB_DRIVERS_EMBEDDED --conf=/Users/rehabman/Projects/clover.git/src/edk2/Conf -D USE_BIOS_BLOCKIO -D USE_LOW_EBDA -a X64 -b RELEASE -t XCODE8 -n 9 | OS: 10.14 | XCODE: 9.4.1]
0:100  0:000  SelfDevicePath=PciRoot(0x0)\Pci(0x14,0x0)\USB(0x2,0x0)\HD(1,GPT,A5FB29E8-92A4-4051-9EFC-AF8A477B03E8,0x28,0x64000) @77462D18
0:100  0:000  SelfDirPath = \EFI\BOOT
0:100  0:000  === [ Get Smbios ] ========================================
0:100  0:000  Type 16 Index = 0
0:100  0:000  Total Memory Slots Count = 2
0:100  0:000  Type 17 Index = 0
0:100  0:000  Ignoring insane frequency value 0MHz
0:100  0:000  SmbiosTable.Type17->Speed = 0MHz
0:100  0:000  SmbiosTable.Type17->Size = 0MB
0:100  0:000  SmbiosTable.Type17->Bank/Device = BANK 0 ChannelA-DIMM0
0:100  0:000  SmbiosTable.Type17->Vendor = <null string>
0:100  0:000  SmbiosTable.Type17->SerialNumber = <null string>
0:100  0:000  SmbiosTable.Type17->PartNumber = <null string>
0:100  0:000  Type 17 Index = 1
0:100  0:000  SmbiosTable.Type17->Speed = 2400MHz
0:100  0:000  SmbiosTable.Type17->Size = 8192MB
0:100  0:000  SmbiosTable.Type17->Bank/Device = BANK 2 DIMM B
0:100  0:000  SmbiosTable.Type17->Vendor = Micron
0:100  0:000  SmbiosTable.Type17->SerialNumber = 17469106
0:100  0:000  SmbiosTable.Type17->PartNumber = 8ATF1G64HZ-2G3B1    
0:100  0:000  Boot status=0
0:100  0:000  Running on: 'Inspiron 5567' with board '0C6XG5'
0:100  0:000  === [ GetCPUProperties ] ==================================
0:100  0:000  CPU Vendor = 756E6547 Model=806E9
0:100  0:000   The CPU supported SSE4.1
0:100  0:000  BrandString = Intel(R) Core(TM) i5-7200U CPU @ 2.50GHz
0:100  0:000   The CPU supported turbo
0:100  0:000  MSR 0x35               20004
0:100  0:000   TSC/CCC Information Leaf:
0:100  0:000    numerator     : 226
0:100  0:000    denominator   : 2
0:100  0:000   Calibrated ARTFrequency: 24003641
0:100  0:000  MSR 0xE2 before patch 1E008005
0:100  0:000  MSR 0xE2 is locked, PM patches will be turned on
0:100  0:000  MSR 0xCE              0004043D_F1011B00
0:100  0:000  corrected FLEX_RATIO = 0
0:100  0:000  MSR 0x1B0             00000000
0:100  0:000  FSBFrequency = 89 MHz, DMI FSBFrequency = 100 MHz, Corrected FSBFrequency = 100 MHz
0:100  0:000  MaxDiv/MinDiv: 27.0/4
0:100  0:000  Turbo: 31/31/31/31
0:100  0:000  Features: 0xBFEBFBFF
0:100  0:000  Threads: 4
0:100  0:000  Cores: 2
0:100  0:000  FSB: 100 MHz
0:100  0:000  CPU: 2400 MHz
0:100  0:000  TSC: 2400 MHz
0:100  0:000  PIS: 100 MHz
0:100  0:000  ExternalClock: 25 MHz
0:100  0:000  === [ GetDevices ] ========================================
0:100  0:000  PCI (00|00:00.00) : 8086 5904 class=060000
0:100  0:000  PCI (00|00:02.00) : 8086 5916 class=030000
0:100  0:000   - GFX: Model=Intel HD Graphics 620 (Intel)
0:100  0:000  PCI (00|00:04.00) : 8086 1903 class=118000
0:100  0:000  PCI (00|00:14.00) : 8086 9D2F class=0C0330
0:100  0:000  PCI (00|00:14.02) : 8086 9D31 class=118000
0:100  0:000  PCI (00|00:15.00) : 8086 9D60 class=118000
0:100  0:000  PCI (00|00:15.01) : 8086 9D61 class=118000
0:100  0:000  PCI (00|00:16.00) : 8086 9D3A class=078000
0:100  0:000  PCI (00|00:17.00) : 8086 9D03 class=010601
0:100  0:000  PCI (00|00:1C.00) : 8086 9D10 class=060400
0:100  0:000  PCI (00|01:00.00) : 1002 6900 class=038000
0:100  0:000   - GFX: Model=ATI Radeon R7 M260/M265 (ATI/AMD)
0:101  0:000  PCI (00|00:1C.04) : 8086 9D14 class=060400
0:101  0:000  PCI (00|02:00.00) : 8086 3165 class=028000
0:101  0:000   - WIFI: Vendor=Intel
0:101  0:000  PCI (00|00:1C.05) : 8086 9D15 class=060400
0:101  0:000  PCI (00|03:00.00) : 10EC 8136 class=020000
0:101  0:000   - LAN: 0 Vendor=Realtek
0:101  0:000  PCI (00|00:1F.00) : 8086 9D58 class=060100
0:101  0:000  PCI (00|00:1F.02) : 8086 9D21 class=058000
0:101  0:000  PCI (00|00:1F.03) : 8086 9D71 class=040300
0:101  0:000  PCI (00|00:1F.04) : 8086 9D23 class=0C0500
0:101  0:000  === [ GetDefaultSettings ] ================================
0:101  0:000  Clover load options size = 138 bytes
0:105  0:003  EFI\CLOVER\.plist not loaded with name from LoadOptions: Invalid Parameter
0:111  0:006  EFI\CLOVER\config.plist loaded: Success
0:111  0:000  === [ GetListOfThemes ] ===================================
0:117  0:006  - [00]: BGM
0:136  0:018  - [01]: embedded
0:139  0:002  - [01]: random
0:139  0:000  === [ Found config plists ] ===============================
0:139  0:000  - config.plist
0:139  0:000  === [ GetEarlyUserSettings ] ==============================
0:139  0:000  timeout set to 5
0:139  0:000  Custom boot CUSTOM_BOOT_DISABLED (0x0)
0:139  0:000  ForceKextsToLoad: 1 requested
0:139  0:000   - [0]: System\Library\Extensions\IONetworkingFamily.kext
0:139  0:000  KernelToPatch: 3 requested
0:139  0:000   - [00]: MSR 0xE2 _xcpm_idle instant reboot(c) Pike R. Alpha :: data len: 8
0:139  0:000   - [01]: Disable panic kext logging on 10.13 release kernel (credit vit9696) :: MatchOS: 10.13.x :: data len: 6
0:139  0:000   - [02]: Disable panic kext logging on 10.14 release kernel (credit vit9696) :: MatchOS: 10.14.x :: data len: 6
0:139  0:000  Default theme: BGM
0:139  0:000  Hiding entries with string Preboot
0:139  0:000  === [ LoadDrivers ] =======================================
0:142  0:003  Loading ApfsDriverLoader-64.efi  status=Success
0:144  0:001   - driver needs connecting
0:144  0:000  Loading AppleImageLoader-64.efi  status=Success
0:146  0:001  Loading AptioMemoryFix-64.efi  status=Success
0:147  0:001  Loading DataHubDxe-64.efi  status=Success
0:161  0:013  Loading FSInject-64.efi  status=Success
0:163  0:001  Loading SMCHelper-64.efi  status=Success
0:164  0:001  Loading HFSPlus.efi  status=Success
0:170  0:005   - driver needs connecting
0:170  0:000  2 drivers needs connecting ...
0:170  0:000  PlatformDriverOverrideProtocol->GetDriver overriden
0:170  0:000  HFS+ driver loaded
0:170  0:000  APFS driver loaded
0:170  0:000  Searching for invalid DiskIo BY_DRIVER connects: not found, all ok
0:626  0:455  === [ InitScreen ] ========================================
0:626  0:000  SetMaxResolution: found best mode 4: 1920x1080
0:626  0:000   - already set
0:626  0:000  Console modes reported: 4, available modes:
0:626  0:000   - [01]: 80x25 (current mode)
0:626  0:000   - [02]: 80x50
0:626  0:000   - [03]: 100x31
0:626  0:000   - [04]: 240x56
0:626  0:000  reinit: self device path=PciRoot(0x0)\Pci(0x14,0x0)\USB(0x2,0x0)\HD(1,GPT,A5FB29E8-92A4-4051-9EFC-AF8A477B03E8,0x28,0x64000)
0:626  0:000  Using embedded font: Success
0:627  0:001  === [ GetMacAddress ] =====================================
0:627  0:000  === [ ScanSPD ] ===========================================
0:628  0:000  SMBus device : 8086 9D23 class=0C0500 status=Success
0:628  0:000  SMBus CmdReg: 0x3
0:628  0:000  Scanning SMBus [8086:9D23], mmio: 0xDF332004, ioport: 0xF040, hostc: 0x11
0:628  0:000  Slots to scan [8]...
0:629  0:000  SPD[2]: Type 12 @0x52
0:646  0:017  Not using XMP because it is not present
0:646  0:000  DDR speed 2400MHz
0:646  0:000  Slot: 2 Type 26 8192MB 2400MHz Vendor=Micron Technology PartNo=8ATF1G64HZ-2G3B1 SerialNo=0107040609010006
0:647  0:000  === [ GetAcpiTablesList ] =================================
0:647  0:000  Get Acpi Tables List from RSDT:
0:647  0:000   - [00]: FACP  CBX3    len=132
0:647  0:000   - [01]: APIC  CBX3    len=132
0:647  0:000   - [02]: FPDT  CBX3    len=68
0:647  0:000   - [03]: FIDT  CBX3    len=156
0:647  0:000   - [04]: MCFG  CBX3    len=60
0:647  0:000   - [05]: HPET  CBX3    len=56
0:647  0:000   - [06]: SSDT  SataTabl len=802
0:647  0:000   - [07]: BOOT  CBX3     len=40
0:647  0:000   - [08]: SSDT  SaSsdt  len=4828
0:647  0:000   - [09]: HPET  KBL-ULT len=56
0:647  0:000   - [10]: SSDT  xh_OEMBD len=1717
0:647  0:000   - [11]: UEFI   len=66
0:647  0:000   - [12]: SSDT  CpuSsdt len=3806
0:647  0:000   - [13]: LPIT  KBL-ULT len=148
0:647  0:000   - [14]: WSMT  KBL-ULT len=40
0:647  0:000   - [15]: SSDT  sensrhub len=671
0:647  0:000   - [16]: SSDT  PtidDevc len=12290
0:647  0:000   - [17]: DBGP   len=52
0:647  0:000   - [18]: DBG2   len=84
0:647  0:000   - [19]: MSDM  CBX3    len=85
0:647  0:000   - [20]: SSDT  DptfTabl len=22272
0:647  0:000   - [21]: SLIC  CBX3    len=374
0:647  0:000   - [22]: SSDT  SgUlt len=641
0:647  0:000   - [23]: SSDT  SgPch len=1689
0:647  0:000   - [24]: TPM2  Tpm2Tabl len=52
0:647  0:000   - [25]: SSDT  AmdTabl len=4522
0:647  0:000   - [26]: BGRT   len=56
0:647  0:000  Calibrated TSC Frequency = 2712411540 = 2712MHz
0:647  0:000  === [ GetUserSettings ] ===================================
0:647  0:000  Add 2 devices:
0:648  0:000  Add 8 properties:
0:648  0:000   - [00]: NVidia Key: name, len: 9
0:648  0:000   - [01]: NVidia Key: IOName, len: 9
0:648  0:000   - [02]: NVidia Key: class-code, len: 4
0:648  0:000   - [03]: ATI Key: name, len: 9
0:648  0:000   - [04]: ATI Key: IOName, len: 9
0:648  0:000   - [05]: ATI Key: class-code, len: 4
0:648  0:000   - [06]: ATI Key: vendor-id, len: 4
0:648  0:000   - [07]: ATI Key: device-id, len: 4
0:648  0:000  USB FixOwnership: yes
0:648  0:000  Dropping 3 tables:
0:648  0:000   - [00]: Drop table  signature="#MCF" (46434D23)
0:648  0:000           - set table: 46434D23,                0 to drop: no
0:648  0:000   - [01]: Drop table  signature="DMAR" (52414D44)
0:648  0:000           - set table: 52414D44,                0 to drop: no
0:648  0:000   - [02]: Drop table  signature="SSDT" (54445353) table-id="xh_rvp10" (30317076725F6878)
0:648  0:000           - set table: 54445353, 30317076725F6878 to drop: no
0:648  0:000   - final DSDT Fix mask=00000000
0:648  0:000  PatchesDSDT: 12 requested
0:648  0:000   - [00]: (change OSID to XSID (to avoid match against _OSI XOSI patch)) lenToFind: 4, lenToReplace: 4, Target Bridge: <null string>
0:648  0:000    patch disabled at config
0:648  0:000   - [01]: (change _OSI to XOSI) lenToFind: 4, lenToReplace: 4, Target Bridge: <null string>
0:648  0:000    patch disabled at config
0:648  0:000   - [02]: (change _DSM to XDSM) lenToFind: 4, lenToReplace: 4, Target Bridge: <null string>
0:648  0:000    patch disabled at config
0:648  0:000   - [03]: (change EC0 to EC) lenToFind: 4, lenToReplace: 4, Target Bridge: <null string>
0:648  0:000    patch disabled at config
0:648  0:000   - [04]: (change H_EC to EC) lenToFind: 4, lenToReplace: 4, Target Bridge: <null string>
0:648  0:000    patch disabled at config
0:648  0:000   - [05]: (change ECDV to EC) lenToFind: 4, lenToReplace: 4, Target Bridge: <null string>
0:648  0:000    patch disabled at config
0:648  0:000   - [06]: (change HDAS to HDEF) lenToFind: 4, lenToReplace: 4, Target Bridge: <null string>
0:648  0:000   - [07]: (change HECI to IMEI) lenToFind: 4, lenToReplace: 4, Target Bridge: <null string>
0:648  0:000   - [08]: (change MEI to IMEI) lenToFind: 4, lenToReplace: 4, Target Bridge: <null string>
0:648  0:000   - [09]: (change GFX0 to IGPU) lenToFind: 4, lenToReplace: 4, Target Bridge: <null string>
0:648  0:000   - [10]: (change PCI0.VID to IGPU #1 (Thinkpad)) lenToFind: 8, lenToReplace: 8, Target Bridge: <null string>
0:648  0:000   - [11]: (change PCI0.VID to IGPU #2 (Thinkpad)) lenToFind: 14, lenToReplace: 14, Target Bridge: <null string>
0:648  0:000  Using ProductName from config: MacBookPro14,1
0:648  0:000  BiosVersion: not set, Using BiosVersion from clover
0:648  0:000  BiosVersion: MBP141.88Z.F000.B00.1809171524
0:648  0:000  BiosReleaseDate: 09/17/2018
0:648  0:000  Using FirmwareFeatures from clover: 0xFC0FE137
0:648  0:000  Using FirmwareFeaturesMask from clover: 0xFF1FFF3F
0:648  0:000  Using PlatformFeature from clover: 0x1A
0:648  0:000  === [ Found DSDT tables ] =================================
0:697  0:048  === [ ScanVolumes ] =======================================
0:697  0:000  Found 16 volumes with blockIO
0:697  0:000  - [00]: Volume: PciRoot(0x0)\Pci(0x14,0x0)\USB(0x2,0x0)
0:698  0:001          USB volume
0:698  0:000  - [01]: Volume: PciRoot(0x0)\Pci(0x14,0x0)\USB(0x2,0x0)\HD(1,GPT,A5FB29E8-92A4-4051-9EFC-AF8A477B03E8,0x28,0x64000)
0:700  0:001          Result of bootcode detection: bootable unknown (legacy)
0:700  0:000          USB volume
0:704  0:004          This is SelfVolume !!
0:704  0:000  - [02]: Volume: PciRoot(0x0)\Pci(0x14,0x0)\USB(0x2,0x0)\HD(2,GPT,3E92D2A7-E7F0-4352-AD0B-DC127474D9CD,0x64028,0x39FFFB0)
0:705  0:001          USB volume
0:705  0:000  - [03]: Volume: PciRoot(0x0)\Pci(0x17,0x0)\Sata(0x0,0xFFFF,0x0)
0:706  0:000  - [04]: Volume: PciRoot(0x0)\Pci(0x17,0x0)\Sata(0x1,0xFFFF,0x0)
0:706  0:000          Found optical drive
0:706  0:000  - [05]: Volume: PciRoot(0x0)\Pci(0x17,0x0)\Sata(0x0,0xFFFF,0x0)\HD(1,GPT,1B0B15B8-5514-45D8-BB58-72712E3386C4,0x800,0x32000)
0:707  0:000          Result of bootcode detection: bootable Windows (vista,win)
0:707  0:000  - [06]: Volume: PciRoot(0x0)\Pci(0x17,0x0)\Sata(0x0,0xFFFF,0x0)\HD(2,GPT,0BC46162-663A-40F2-BE1B-0D73FCE32655,0x32800,0x8000)
0:714  0:007  - [07]: Volume: PciRoot(0x0)\Pci(0x17,0x0)\Sata(0x0,0xFFFF,0x0)\HD(3,GPT,65A119EC-2985-4E63-A870-1AF35EE29DAA,0x3A800,0x4C806000)
0:714  0:000          Result of bootcode detection: bootable Windows (vista,win)
0:714  0:000  - [08]: Volume: PciRoot(0x0)\Pci(0x17,0x0)\Sata(0x0,0xFFFF,0x0)\HD(4,GPT,ADF9920B-B158-4D4C-8DC3-9DC00081ED4B,0x4C840800,0xFA000)
0:715  0:000          Result of bootcode detection: bootable Windows (vista,win)
0:715  0:000  - [09]: Volume: PciRoot(0x0)\Pci(0x17,0x0)\Sata(0x0,0xFFFF,0x0)\HD(5,GPT,06758519-7C5F-4611-A4C0-1499298761BF,0x4C93A800,0x25832000)
0:734  0:018          Result of bootcode detection: bootable Windows (vista,win)
0:734  0:000  - [10]: Volume: PciRoot(0x0)\Pci(0x17,0x0)\Sata(0x0,0xFFFF,0x0)\HD(6,GPT,0EEFAD63-B4D4-4617-800D-374E4CB1876E,0x7216C800,0x25832000)
0:734  0:000          Result of bootcode detection: bootable Windows (vista,win)
0:734  0:000  - [11]: Volume: PciRoot(0x0)\Pci(0x17,0x0)\Sata(0x0,0xFFFF,0x0)\HD(7,GPT,4C3AB92F-05C0-46D4-964F-D9CC5B466105,0x9799E800,0x2E91000)
0:735  0:000  - [12]: Volume: PciRoot(0x0)\Pci(0x17,0x0)\Sata(0x0,0xFFFF,0x0)\HD(8,GPT,71186216-AAD2-4B93-AD45-433C4FB368F1,0x9A82F800,0x12A0800)
0:736  0:000  - [13]: Volume: PciRoot(0x0)\Pci(0x17,0x0)\Sata(0x0,0xFFFF,0x0)\HD(9,GPT,0A658B2A-370E-48BA-9A2C-D4486FA22DAF,0x9BAD0000,0xFCD000)
0:736  0:000  - [14]: Volume: PciRoot(0x0)\Pci(0x17,0x0)\Sata(0x0,0xFFFF,0x0)\HD(10,GPT,2723BE6F-D5ED-4613-B6DC-E6BDBAD7A228,0x9CA9D000,0x3B9800)
0:737  0:000  - [15]: Volume: PciRoot(0x0)\Pci(0x17,0x0)\Sata(0x0,0xFFFF,0x0)\HD(11,GPT,9BD14ABA-D0C9-4EF1-B05D-B2C4ABF2B62A,0x9CE56800,0x4BFB2000)
0:737  0:000  === [ InitTheme ] =========================================
0:743  0:005  Using theme 'BGM' (EFI\CLOVER\themes\BGM)
0:743  0:000  OS main and drive as badge
0:744  0:001  Loading font from ThemeDir: Success
0:744  0:000  Chosen theme BGM
0:744  0:000  after NVRAM boot-args=dart=0 nv_disable=1 -disablegfxfirmware -cdfon -igfxnohdmi lilucpu=9
0:744  0:000  === [ Dump SMC keys from NVRAM ] ==========================
0:744  0:000  found AppleSMC protocol
0:772  0:027  Registered 16 SMC keys
0:774  0:002  === [ AddCustomEntries ] ==================================
0:774  0:000  Custom entry 0 Title:"Recovery" Path:"\com.apple.recovery.boot\boot.efi" Type:10 Flags:0x6 matching all volumes
0:774  0:000      Checking volume "EFI" (PciRoot(0x0)\Pci(0x14,0x0)\USB(0x2,0x0)\HD(1,GPT,A5FB29E8-92A4-4051-9EFC-AF8A477B03E8,0x28,0x64000)) ... skipped because path does not exist
0:774  0:000      Checking volume "Install macOS Mojave" (PciRoot(0x0)\Pci(0x14,0x0)\USB(0x2,0x0)\HD(2,GPT,3E92D2A7-E7F0-4352-AD0B-DC127474D9CD,0x64028,0x39FFFB0)) ... skipped because path does not exist
0:774  0:000      Checking volume "SYSTEM" (PciRoot(0x0)\Pci(0x17,0x0)\Sata(0x0,0xFFFF,0x0)\HD(1,GPT,1B0B15B8-5514-45D8-BB58-72712E3386C4,0x800,0x32000)) ... skipped because path does not exist
0:774  0:000  Custom entry 1 Title:"Windows" Path:"\EFI\Microsoft\Boot\bootmgfw.efi" Options:"-s -h" Type:7 Flags:0x0 matching all volumes
0:774  0:000      Checking volume "EFI" (PciRoot(0x0)\Pci(0x14,0x0)\USB(0x2,0x0)\HD(1,GPT,A5FB29E8-92A4-4051-9EFC-AF8A477B03E8,0x28,0x64000)) ... skipped because path does not exist
0:774  0:000      Checking volume "Install macOS Mojave" (PciRoot(0x0)\Pci(0x14,0x0)\USB(0x2,0x0)\HD(2,GPT,3E92D2A7-E7F0-4352-AD0B-DC127474D9CD,0x64028,0x39FFFB0)) ... skipped because path does not exist
0:774  0:000      Checking volume "SYSTEM" (PciRoot(0x0)\Pci(0x17,0x0)\Sata(0x0,0xFFFF,0x0)\HD(1,GPT,1B0B15B8-5514-45D8-BB58-72712E3386C4,0x800,0x32000)) ... match!
0:793  0:018  Custom settings: <null string>.plist will  be applied
0:794  0:000  === [ ScanLoader ] ========================================
0:794  0:000  - [01]: 'EFI'
0:814  0:020          AddLoaderEntry for Volume Name=EFI
0:814  0:000          skipped because entry is hidden
0:814  0:000  - [02]: 'Install macOS Mojave'
0:816  0:001          AddLoaderEntry for Volume Name=Install macOS Mojave
0:835  0:019  - [05]: 'SYSTEM'
0:836  0:001          AddLoaderEntry for Volume Name=SYSTEM
0:836  0:000       skipped because path `PciRoot(0x0)\Pci(0x17,0x0)\Sata(0x0,0xFFFF,0x0)\HD(1,GPT,1B0B15B8-5514-45D8-BB58-72712E3386C4,0x800,0x32000)\EFI\microsoft\Boot\bootmgfw.efii` already exists for another entry!
0:854  0:017          AddLoaderEntry for Volume Name=SYSTEM
0:877  0:023          AddLoaderEntry for Volume Name=SYSTEM
0:877  0:000          skipped because entry is hidden
0:877  0:000  === [ AddCustomTool ] =====================================
0:880  0:003  found tool \EFI\CLOVER\tools\Shell64U.efi
0:880  0:000  Checking EFI partition Volume 1 for Clover
0:880  0:000   Found Clover
0:882  0:001  === [ GetEfiBootDeviceFromNvram ] =========================
0:882  0:000   - efi-boot-device-data: PciRoot(0x0)\Pci(0x14,0x0)\USB(0x2,0x0)\HD(2,GPT,B46DEB84-A61D-46F7-9425-DCB15BB92FD8,0x64028,0x39FFFB0)\System\Library\CoreServices\boot.efii
0:882  0:000    - Volume: 'PciRoot(0x0)\Pci(0x14,0x0)\USB(0x2,0x0)\HD(2,GPT,B46DEB84-A61D-46F7-9425-DCB15BB92FD8,0x64028,0x39FFFB0)'
0:882  0:000    - LoaderPath: '\System\Library\CoreServices\boot.efi'
0:882  0:000    - Guid = B46DEB84-A61D-46F7-9425-DCB15BB92FD8
0:882  0:000  === [ FindStartupDiskVolume ] =============================
0:882  0:000    - Volume: partition = PciRoot(0x0)\Pci(0x14,0x0)\USB(0x2,0x0)\HD(2,GPT,B46DEB84-A61D-46F7-9425-DCB15BB92FD8,0x64028,0x39FFFB0)
0:882  0:000     - searching for that partition and loader '\System\Library\CoreServices\boot.efi'
0:882  0:000      - [!] not found
0:882  0:000     - searching again, but comparing Media dev path nodes
0:882  0:000      - [!] not found
0:882  0:000     - searching for that partition
0:882  0:000      - [!] not found
0:882  0:000     - searching again, but comparing Media dev path nodes
0:882  0:000      - [!] not found
0:882  0:000  Default boot entry not found
0:882  0:000  DefaultIndex=-1 and MainMenu.EntryCount=9
1:310  0:428  GUI ready
86:070  84:759  EDITED: 0x00000000
117:312  31:242  BootVariable of the entry is empty
117:312  0:000  === [ StartLoader ] =======================================
117:312  0:000  Finally: ExternalClock=26MHz BusSpeed=100460kHz CPUFreq=2712MHz PIS: hw.busfrequency=104000000Hz
117:313  0:000  Loading boot.efi  status=Success
117:445  0:131  GetOSVersion: 10.14.2 (18C54)
117:445  0:000  CSR_CFG: CSR_ALLOW_UNTRUSTED_KEXTS | CSR_ALLOW_UNRESTRICTED_FS | CSR_ALLOW_TASK_FOR_PID | CSR_ALLOW_UNRESTRICTED_DTRACE | CSR_ALLOW_UNRESTRICTED_NVRAM
117:445  0:000  Filtering KernelPatches:
117:445  0:000   - [00]: MSR 0xE2 _xcpm_idle instant reboot(c) Pike R. Alpha :: [OS: 10.14.2 | MatchOS: All | MatchBuild: no] ==> allowed by OS
117:445  0:000   - [01]: Disable panic kext logging on 10.13 release kernel (credit vit9696) :: [OS: 10.14.2 | MatchOS: 10.13.x | MatchBuild: no] ==> not allowed by OS
117:445  0:000   - [02]: Disable panic kext logging on 10.14 release kernel (credit vit9696) :: [OS: 10.14.2 | MatchOS: 10.14.x | MatchBuild: no] ==> allowed by OS
117:445  0:000  Will not patch boot.efi
117:445  0:000  === [ PatchSmbios ] =======================================
117:445  0:000  insert table 9 for dev 0:0
117:445  0:000  insert table 9 for dev 0:0
117:445  0:000  insert table 9 for dev 0:0
117:446  0:001  Trusting SMBIOS...
117:446  0:000  Detected alternating SMBIOS channel banks
117:446  0:000  Channels: 1
117:446  0:000  Interleave: 0 1 2 3 4 5 6 7 8 9 10 11 12 13 14 15 16 17 18 19 20 21 22 23
117:446  0:000  SMBIOS Type 17 Index = 0 => 0 0:
117:446  0:000  BANK 0 DIMM0 EMPTY
117:446  0:000   partNum=8ATF1G64HZ-2G3B1    
117:446  0:000  SMBIOS Type 17 Index = 1 => 1 1:
117:446  0:000  BANK 0 DIMM1 2400MHz 8192MB
117:446  0:000  mTotalSystemMemory = 8192
117:446  0:000  NumberOfMemoryDevices = 2
117:446  0:000  Type20[0]->End = 0x7FFFFF, Type17[1] = 0x2000
117:446  0:000  Table 131 is present, CPUType=31
117:446  0:000  Change to: 605
117:446  0:000  === [ PatchACPI ] =========================================
117:446  0:000  Xsdt reallocation done
117:446  0:000  old FADT length=10C
117:446  0:000   SignatureFixup: 0xE91D319A -> 0x0
117:446  0:000  Apply DsdtFixMask=0x00000000
117:446  0:000     drop _DSM mask=0x0000
117:446  0:000  === [ FixBiosDsdt ] =======================================
117:446  0:000  VideoCard devID=0x59168086
117:446  0:000  DisplayADR1[0] = 0x20000, DisplayADR2[0] = 0xFFFE
117:446  0:000  USBADR[0] = 0x140000 and PCIe = 0xFFFE
117:466  0:019  Patching DSDT:
117:466  0:000   - [change OSID to XSID (to avoid match against _OSI XOSI patch)]: disabled
117:466  0:000   - [change _OSI to XOSI]: disabled
117:466  0:000   - [change _DSM to XDSM]: disabled
117:466  0:000   - [change EC0 to EC]: disabled
117:466  0:000   - [change H_EC to EC]: disabled
117:466  0:000   - [change ECDV to EC]: disabled
117:466  0:000   - [change HDAS to HDEF]: pattern 48444153, patched at: [ (30C) (12) (12) (A592) (1562) (84) (D) (2B) (32) (4F) (6F) (C3) ]
117:466  0:000   - [change HECI to IMEI]: pattern 48454349, patched at: [ (107A5) ]
117:466  0:000   - [change MEI to IMEI]: pattern 4D45495F, bin not found / already patched!
117:467  0:000   - [change GFX0 to IGPU]: pattern 47465830, patched at: [ (51) (12) (12) (12) (12) (12) (12) (12) (12) (12) (12) (12) (12) (12) (12) (12) (6A) (12) (34E) (12) (50) (188) (12) (1D) (3149) (D252) (41) (1B) (C3E) (A) (25BE) (14) (8883) (153D) (39D5) (2107) (18) (18) (32) (11) (65) (32) (44) ]
117:467  0:000   - [change PCI0.VID to IGPU #1 (Thinkpad)]: pattern 50434930, bin not found / already patched!
117:467  0:000   - [change PCI0.VID to IGPU #2 (Thinkpad)]: pattern 5649445F, bin not found / already patched!
117:467  0:000    0 replacements
117:467  0:000  first CPU found at 920E offset 9211
117:467  0:000  score candidate at 920A
117:467  0:000  score inserted in acpi_cpu_score _PR_
117:467  0:000  Found ACPI CPU: CPU0 | CPU1 | CPU2 | CPU3 | CPU4 | CPU5 | CPU6 | CPU7 , within the score: _PR_
117:468  0:000  PreCleanup XSDT: count=27, length=252
117:468  0:000  PreCleanup XSDT, corrected XSDT: count=27, length=252
117:468  0:000  === [ ACPIDropTables ] ====================================
117:468  0:000  0. [change OSID to XSID (to avoid match against _OSI XOSI patch)]: disabled
117:468  0:000  1. [change _OSI to XOSI]: disabled
117:468  0:000  2. [change _DSM to XDSM]: disabled
117:468  0:000  3. [change EC0 to EC]: disabled
117:468  0:000  4. [change H_EC to EC]: disabled
117:468  0:000  5. [change ECDV to EC]: disabled
117:468  0:000  6. [change HDAS to HDEF]: pattern 48444153, bin not found / already patched!
117:468  0:000  7. [change HECI to IMEI]: pattern 48454349, bin not found / already patched!
117:468  0:000  8. [change MEI to IMEI]: pattern 4D45495F, bin not found / already patched!
117:468  0:000  9. [change GFX0 to IGPU]: pattern 47465830, bin not found / already patched!
117:468  0:000  10. [change PCI0.VID to IGPU #1 (Thinkpad)]: pattern 50434930, bin not found / already patched!
117:468  0:000  11. [change PCI0.VID to IGPU #2 (Thinkpad)]: pattern 5649445F, bin not found / already patched!
117:468  0:000    0 replacements
117:468  0:000  0. [change OSID to XSID (to avoid match against _OSI XOSI patch)]: disabled
117:468  0:000  1. [change _OSI to XOSI]: disabled
117:468  0:000  2. [change _DSM to XDSM]: disabled
117:468  0:000  3. [change EC0 to EC]: disabled
117:468  0:000  4. [change H_EC to EC]: disabled
117:468  0:000  5. [change ECDV to EC]: disabled
117:468  0:000  6. [change HDAS to HDEF]: pattern 48444153, bin not found / already patched!
117:468  0:000  7. [change HECI to IMEI]: pattern 48454349, bin not found / already patched!
117:468  0:000  8. [change MEI to IMEI]: pattern 4D45495F, bin not found / already patched!
117:468  0:000  9. [change GFX0 to IGPU]: pattern 47465830, patched at: [ (2D) (54) (29A) (871) (1D) (6E2) ]
117:468  0:000  10. [change PCI0.VID to IGPU #1 (Thinkpad)]: pattern 50434930, bin not found / already patched!
117:468  0:000  11. [change PCI0.VID to IGPU #2 (Thinkpad)]: pattern 5649445F, bin not found / already patched!
117:468  0:000    0 replacements
117:468  0:000  Found OperationRegion(SANV, SystemMemory, 7AFF2A18, ...)
117:468  0:000  0. [change OSID to XSID (to avoid match against _OSI XOSI patch)]: disabled
117:468  0:000  1. [change _OSI to XOSI]: disabled
117:468  0:000  2. [change _DSM to XDSM]: disabled
117:468  0:000  3. [change EC0 to EC]: disabled
117:468  0:000  4. [change H_EC to EC]: disabled
117:468  0:000  5. [change ECDV to EC]: disabled
117:468  0:000  6. [change HDAS to HDEF]: pattern 48444153, bin not found / already patched!
117:468  0:000  7. [change HECI to IMEI]: pattern 48454349, bin not found / already patched!
117:468  0:000  8. [change MEI to IMEI]: pattern 4D45495F, bin not found / already patched!
117:468  0:000  9. [change GFX0 to IGPU]: pattern 47465830, bin not found / already patched!
117:468  0:000  10. [change PCI0.VID to IGPU #1 (Thinkpad)]: pattern 50434930, bin not found / already patched!
117:468  0:000  11. [change PCI0.VID to IGPU #2 (Thinkpad)]: pattern 5649445F, bin not found / already patched!
117:468  0:000    0 replacements
117:468  0:000  0. [change OSID to XSID (to avoid match against _OSI XOSI patch)]: disabled
117:468  0:000  1. [change _OSI to XOSI]: disabled
117:468  0:000  2. [change _DSM to XDSM]: disabled
117:468  0:000  3. [change EC0 to EC]: disabled
117:468  0:000  4. [change H_EC to EC]: disabled
117:468  0:000  5. [change ECDV to EC]: disabled
117:468  0:000  6. [change HDAS to HDEF]: pattern 48444153, bin not found / already patched!
117:468  0:000  7. [change HECI to IMEI]: pattern 48454349, bin not found / already patched!
117:468  0:000  8. [change MEI to IMEI]: pattern 4D45495F, bin not found / already patched!
117:468  0:000  9. [change GFX0 to IGPU]: pattern 47465830, bin not found / already patched!
117:468  0:000  10. [change PCI0.VID to IGPU #1 (Thinkpad)]: pattern 50434930, bin not found / already patched!
117:468  0:000  11. [change PCI0.VID to IGPU #2 (Thinkpad)]: pattern 5649445F, bin not found / already patched!
117:468  0:000    0 replacements
117:468  0:000  Found OperationRegion(PNVS, SystemMemory, 7515F000, ...)
117:468  0:000  0. [change OSID to XSID (to avoid match against _OSI XOSI patch)]: disabled
117:468  0:000  1. [change _OSI to XOSI]: disabled
117:468  0:000  2. [change _DSM to XDSM]: disabled
117:468  0:000  3. [change EC0 to EC]: disabled
117:468  0:000  4. [change H_EC to EC]: disabled
117:468  0:000  5. [change ECDV to EC]: disabled
117:468  0:000  6. [change HDAS to HDEF]: pattern 48444153, bin not found / already patched!
117:468  0:000  7. [change HECI to IMEI]: pattern 48454349, bin not found / already patched!
117:468  0:000  8. [change MEI to IMEI]: pattern 4D45495F, bin not found / already patched!
117:468  0:000  9. [change GFX0 to IGPU]: pattern 47465830, bin not found / already patched!
117:468  0:000  10. [change PCI0.VID to IGPU #1 (Thinkpad)]: pattern 50434930, bin not found / already patched!
117:468  0:000  11. [change PCI0.VID to IGPU #2 (Thinkpad)]: pattern 5649445F, bin not found / already patched!
117:468  0:000    0 replacements
117:468  0:000  0. [change OSID to XSID (to avoid match against _OSI XOSI patch)]: disabled
117:468  0:000  1. [change _OSI to XOSI]: disabled
117:468  0:000  2. [change _DSM to XDSM]: disabled
117:468  0:000  3. [change EC0 to EC]: disabled
117:468  0:000  4. [change H_EC to EC]: disabled
117:468  0:000  5. [change ECDV to EC]: disabled
117:468  0:000  6. [change HDAS to HDEF]: pattern 48444153, bin not found / already patched!
117:468  0:000  7. [change HECI to IMEI]: pattern 48454349, bin not found / already patched!
117:469  0:000  8. [change MEI to IMEI]: pattern 4D45495F, bin not found / already patched!
117:469  0:000  9. [change GFX0 to IGPU]: pattern 47465830, bin not found / already patched!
117:469  0:000  10. [change PCI0.VID to IGPU #1 (Thinkpad)]: pattern 50434930, bin not found / already patched!
117:469  0:000  11. [change PCI0.VID to IGPU #2 (Thinkpad)]: pattern 5649445F, bin not found / already patched!
117:469  0:000    0 replacements
117:469  0:000  0. [change OSID to XSID (to avoid match against _OSI XOSI patch)]: disabled
117:469  0:000  1. [change _OSI to XOSI]: disabled
117:469  0:000  2. [change _DSM to XDSM]: disabled
117:469  0:000  3. [change EC0 to EC]: disabled
117:469  0:000  4. [change H_EC to EC]: disabled
117:469  0:000  5. [change ECDV to EC]: disabled
117:469  0:000  6. [change HDAS to HDEF]: pattern 48444153, bin not found / already patched!
117:469  0:000  7. [change HECI to IMEI]: pattern 48454349, bin not found / already patched!
117:469  0:000  8. [change MEI to IMEI]: pattern 4D45495F, bin not found / already patched!
117:469  0:000  9. [change GFX0 to IGPU]: pattern 47465830, bin not found / already patched!
117:469  0:000  10. [change PCI0.VID to IGPU #1 (Thinkpad)]: pattern 50434930, bin not found / already patched!
117:469  0:000  11. [change PCI0.VID to IGPU #2 (Thinkpad)]: pattern 5649445F, bin not found / already patched!
117:469  0:000    0 replacements
117:469  0:000  0. [change OSID to XSID (to avoid match against _OSI XOSI patch)]: disabled
117:469  0:000  1. [change _OSI to XOSI]: disabled
117:469  0:000  2. [change _DSM to XDSM]: disabled
117:469  0:000  3. [change EC0 to EC]: disabled
117:469  0:000  4. [change H_EC to EC]: disabled
117:469  0:000  5. [change ECDV to EC]: disabled
117:469  0:000  6. [change HDAS to HDEF]: pattern 48444153, bin not found / already patched!
117:469  0:000  7. [change HECI to IMEI]: pattern 48454349, bin not found / already patched!
117:469  0:000  8. [change MEI to IMEI]: pattern 4D45495F, bin not found / already patched!
117:469  0:000  9. [change GFX0 to IGPU]: pattern 47465830, bin not found / already patched!
117:469  0:000  10. [change PCI0.VID to IGPU #1 (Thinkpad)]: pattern 50434930, bin not found / already patched!
117:469  0:000  11. [change PCI0.VID to IGPU #2 (Thinkpad)]: pattern 5649445F, bin not found / already patched!
117:469  0:000    0 replacements
117:469  0:000  0. [change OSID to XSID (to avoid match against _OSI XOSI patch)]: disabled
117:469  0:000  1. [change _OSI to XOSI]: disabled
117:469  0:000  2. [change _DSM to XDSM]: disabled
117:469  0:000  3. [change EC0 to EC]: disabled
117:469  0:000  4. [change H_EC to EC]: disabled
117:469  0:000  5. [change ECDV to EC]: disabled
117:469  0:000  6. [change HDAS to HDEF]: pattern 48444153, bin not found / already patched!
117:469  0:000  7. [change HECI to IMEI]: pattern 48454349, bin not found / already patched!
117:469  0:000  8. [change MEI to IMEI]: pattern 4D45495F, bin not found / already patched!
117:469  0:000  9. [change GFX0 to IGPU]: pattern 47465830, bin not found / already patched!
117:469  0:000  10. [change PCI0.VID to IGPU #1 (Thinkpad)]: pattern 50434930, bin not found / already patched!
117:469  0:000  11. [change PCI0.VID to IGPU #2 (Thinkpad)]: pattern 5649445F, bin not found / already patched!
117:469  0:000    0 replacements
117:469  0:000  0. [change OSID to XSID (to avoid match against _OSI XOSI patch)]: disabled
117:469  0:000  1. [change _OSI to XOSI]: disabled
117:469  0:000  2. [change _DSM to XDSM]: disabled
117:469  0:000  3. [change EC0 to EC]: disabled
117:469  0:000  4. [change H_EC to EC]: disabled
117:469  0:000  5. [change ECDV to EC]: disabled
117:469  0:000  6. [change HDAS to HDEF]: pattern 48444153, bin not found / already patched!
117:469  0:000  7. [change HECI to IMEI]: pattern 48454349, bin not found / already patched!
117:469  0:000  8. [change MEI to IMEI]: pattern 4D45495F, bin not found / already patched!
117:469  0:000  9. [change GFX0 to IGPU]: pattern 47465830, patched at: [ (55) (198) (2C) (7A) (BBF) (10) (18) (10) (6D) (13) (10) (17) (12) (13) (12) (10) (35) (1D) (11) (10) (2A) (10) (27) (11) (10) (29) (27) (11) (10) (29) (10) ]
117:469  0:000  10. [change PCI0.VID to IGPU #1 (Thinkpad)]: pattern 50434930, bin not found / already patched!
117:469  0:000  11. [change PCI0.VID to IGPU #2 (Thinkpad)]: pattern 5649445F, bin not found / already patched!
117:469  0:000    0 replacements
117:469  0:000  CPUBase=0 and ApicCPUBase=1 ApicCPUNum=1
117:469  0:000  Maximum control=0x1B
117:469  0:000  Turbo control=0x1F
117:469  0:000  P-States: min 0x4, max 0x1F
117:469  0:000  SSDT with plugin-type without P-States is generated
117:469  0:000  Cleanup XSDT: count=28, length=260
117:469  0:000  corrected XSDT count=28, length=260
117:469  0:000  === [ RestSetup macOS ] ===================================
117:469  0:000  EdidDiscovered size=128
117:469  0:000  --- Discovered EDID Table size:128
117:469  0:000  000  |  00  FF  FF  FF  FF  FF  FF  00  0D  AE
117:469  0:000  010  |  C4  15  00  00  00  00  2B  19  01  04
117:469  0:000  020  |  95  22  13  78  02  EF  05  90  54  52
117:469  0:000  030  |  93  29  25  50  54  00  00  00  01  01
117:469  0:000  040  |  01  01  01  01  01  01  01  01  01  01
117:469  0:000  050  |  01  01  01  01  5E  35  80  96  70  38
117:469  0:000  060  |  14  40  2C  1C  24  00  58  C1  10  00
117:469  0:000  070  |  00  1A  B2  2A  80  96  70  38  14  40
117:469  0:000  080  |  2C  1C  24  00  58  C1  10  00  00  1A
117:469  0:000  090  |  00  00  00  FE  00  38  4B  56  34  32
117:469  0:000  100  |  00  31  35  36  48  47  45  0A  00  00
117:469  0:000  110  |  00  00  00  00  41  31  96  00  00  00
117:469  0:000  120  |  00  0A  01  0A  20  20  00  21
117:469  0:000  add device: PciRoot(0x0)/Pci(0x1F,0x3)
117:469  0:000  add device: PciRoot(0x0)/Pci(0x2,0x0)
117:469  0:000     Add key=framebuffer-fbmem valuelen=4
117:469  0:000     Add key=framebuffer-stolenmem valuelen=4
117:469  0:000     Add key=framebuffer-patch-enable valuelen=4
117:469  0:000     Add key=device-id valuelen=4
117:469  0:000     Add key=AAPL,ig-platform-id valuelen=4
117:469  0:000  Intel GFX injection not set
117:470  0:000  Framebuffer @0xC0000000  MMIO @0xD0000000 I/O Port @0x0000E000 ROM Addr @0xDF240000
117:470  0:000  PCI region 1 = 0x00000000, region3 = 0x00000000, region5 = 0xDF200000
117:470  0:000  Use region5 as MMIO space
117:470  0:000  BIOS_0_SCRATCH=0x00000000, 1=0x00000000, 2=0x00000000, 3=0x00000000, 4=0x00000000, 5=0x00000000, 6=0x00000000
117:474  0:003  RADEON_CRTC2_GEN_CNTL == 0x00000000
117:474  0:000  ATI card non-POSTed, 
117:474  0:000  Set VRAM for Topaz =0Mb
117:474  0:000  ATI: get_vram_size returned 0x0
117:474  0:000  ATI Radeon EVERGREEN+ family
117:474  0:000  ATI Mobile Radeon
117:474  0:000  Framebuffer set to device's default: Exmoor
117:474  0:000   N ports defaults to 6
117:474  0:000  (AtiPorts) Nr of ports set to: 6
117:474  0:000  ATI Topaz ATI Radeon R7 M260/M265 0MB (Exmoor) [1002:6900] (subsys [1028:1767]):: PciRoot(0x0)\Pci(0x1C,0x0)\Pci(0x0,0x0)
117:474  0:000   RCBA disabled; cannot use it
117:475  0:000  stringlength = 6120
117:475  0:000  CurrentMode: Width=1920 Height=1080
117:475  0:000  Beginning FSInjection
FSInjectionInstall ...
- Our FSI_SIMPLE_FILE_SYSTEM_PROTOCOL installed on handle: 77462A18
FSInjectionInstall ...
- Our FSI_SIMPLE_FILE_SYSTEM_PROTOCOL installed on handle: 77462A18
117:551  0:076  Use origin smbios table type 1 guid.
117:689  0:138    Force kext: System\Library\Extensions\IONetworkingFamily.kext
117:690  0:000  Failed to load extra kext (Info.plist not found): System\Library\Extensions\IONetworkingFamily.kext
117:690  0:000  Preparing kexts injection for arch=x86_64 from EFI\CLOVER\kexts\Other
117:690  0:000  Extra kext: EFI\CLOVER\kexts\Other\SATA-unsupported.kext (v.0.9.2)
117:696  0:005  Extra kext: EFI\CLOVER\kexts\Other\WhateverGreen.kext (v.1.2.4)
117:715  0:019  Extra kext: EFI\CLOVER\kexts\Other\Lilu.kext (v.1.2.8)
117:721  0:006  Extra kext: EFI\CLOVER\kexts\Other\USBInjectAll.kext (v.0.7.1)
117:746  0:025  Extra kext: EFI\CLOVER\kexts\Other\VoodooPS2Controller.kext (v.1.9.2)
117:757  0:010    |-- PlugIn kext: EFI\CLOVER\kexts\Other\VoodooPS2Controller.kext\Contents\PlugIns\VoodooPS2Mouse.kext (v.1.9.2)
117:761  0:003    |-- PlugIn kext: EFI\CLOVER\kexts\Other\VoodooPS2Controller.kext\Contents\PlugIns\VoodooPS2Keyboard.kext (v.1.9.2)
117:767  0:005    |-- PlugIn kext: EFI\CLOVER\kexts\Other\VoodooPS2Controller.kext\Contents\PlugIns\VoodooPS2Trackpad.kext (v.1.9.2)
117:772  0:005  Extra kext: EFI\CLOVER\kexts\Other\FakeSMC.kext (v.1800)
117:784  0:012  SetScreenResolution: 1920x1080 - already set
117:784  0:000  Custom boot is disabled
117:786  0:001  Closing log
